18:36:06: Creating resource group General
18:36:06: Creating resource group Internal
18:36:06: Creating resource group Autodetect
18:36:06: SceneManagerFactory for type 'DefaultSceneManager' registered.
18:36:06: Registering ResourceManager for type Material
18:36:06: Registering ResourceManager for type Mesh
18:36:06: Registering ResourceManager for type Skeleton
18:36:06: MovableObjectFactory for type 'ParticleSystem' registered.
18:36:06: OverlayElementFactory for type Panel registered.
18:36:06: OverlayElementFactory for type BorderPanel registered.
18:36:06: OverlayElementFactory for type TextArea registered.
18:36:06: Registering ResourceManager for type Font
18:36:06: ArchiveFactory for archive type FileSystem registered.
18:36:06: ArchiveFactory for archive type Zip registered.
18:36:06: ArchiveFactory for archive type EmbeddedZip registered.
18:36:06: DDS codec registering
18:36:06: FreeImage version: 3.15.1
18:36:06: This program uses FreeImage, a free, open source image library supporting all common bitmap formats. See http://freeimage.sourceforge.net for details
18:36:06: Supported formats: bmp,ico,jpg,jif,jpeg,jpe,jng,koa,iff,lbm,mng,pbm,pbm,pcd,pcx,pgm,pgm,png,ppm,ppm,ras,tga,targa,tif,tiff,wap,wbmp,wbm,psd,cut,xbm,xpm,gif,hdr,g3,sgi,exr,j2k,j2c,jp2,pfm,pct,pict,pic,3fr,arw,bay,bmq,cap,cine,cr2,crw,cs1,dc2,dcr,drf,dsc,dng,erf,fff,ia,iiq,k25,kc2,kdc,mdc,mef,mos,mrw,nef,nrw,orf,pef,ptx,pxn,qtk,raf,raw,rdc,rw2,rwl,rwz,sr2,srf,sti
18:36:06: Registering ResourceManager for type HighLevelGpuProgram
18:36:06: Registering ResourceManager for type Compositor
18:36:06: MovableObjectFactory for type 'Entity' registered.
18:36:06: MovableObjectFactory for type 'Light' registered.
18:36:06: MovableObjectFactory for type 'BillboardSet' registered.
18:36:06: MovableObjectFactory for type 'ManualObject' registered.
18:36:06: MovableObjectFactory for type 'BillboardChain' registered.
18:36:06: MovableObjectFactory for type 'RibbonTrail' registered.
18:36:06: Loading library /usr/local/lib/OGRE/RenderSystem_GL
18:36:06: Installing plugin: GL RenderSystem
18:36:06: OpenGL Rendering Subsystem created.
18:36:06: Plugin successfully installed
18:36:06: Loading library /usr/local/lib/OGRE/Plugin_ParticleFX
18:36:06: Installing plugin: ParticleFX
18:36:06: Particle Emitter Type 'Point' registered
18:36:06: Particle Emitter Type 'Box' registered
18:36:06: Particle Emitter Type 'Ellipsoid' registered
18:36:06: Particle Emitter Type 'Cylinder' registered
18:36:06: Particle Emitter Type 'Ring' registered
18:36:06: Particle Emitter Type 'HollowEllipsoid' registered
18:36:06: Particle Affector Type 'LinearForce' registered
18:36:06: Particle Affector Type 'ColourFader' registered
18:36:06: Particle Affector Type 'ColourFader2' registered
18:36:06: Particle Affector Type 'ColourImage' registered
18:36:06: Particle Affector Type 'ColourInterpolator' registered
18:36:06: Particle Affector Type 'Scaler' registered
18:36:06: Particle Affector Type 'Rotator' registered
18:36:06: Particle Affector Type 'DirectionRandomiser' registered
18:36:06: Particle Affector Type 'DeflectorPlane' registered
18:36:06: Plugin successfully installed
18:36:06: Loading library /usr/local/lib/OGRE/Plugin_BSPSceneManager
18:36:06: Installing plugin: BSP Scene Manager
18:36:06: Plugin successfully installed
18:36:06: Loading library /usr/local/lib/OGRE/Plugin_CgProgramManager
18:36:06: Installing plugin: Cg Program Manager
18:36:06: Plugin successfully installed
18:36:06: Loading library /usr/local/lib/OGRE/Plugin_PCZSceneManager
18:36:06: Installing plugin: Portal Connected Zone Scene Manager
18:36:06: PCZone Factory Type 'ZoneType_Default' registered
18:36:06: Plugin successfully installed
18:36:06: Loading library /usr/local/lib/OGRE/Plugin_OctreeZone
18:36:06: Installing plugin: Octree Zone Factory
18:36:06: Plugin successfully installed
18:36:06: Loading library /usr/local/lib/OGRE/Plugin_OctreeSceneManager
18:36:06: Installing plugin: Octree Scene Manager
18:36:06: Plugin successfully installed
18:36:06: *-*-* OGRE Initialising
18:36:06: *-*-* Version 1.8.1 (Byatis)
18:36:06: Creating resource group Essential
18:36:06: Added resource location '../media/packs/SdkTrays.zip' of type 'Zip' to resource group 'Essential'
18:36:06: Added resource location '../media' of type 'FileSystem' to resource group 'General'
18:36:06: Added resource location '../media/materials/scripts' of type 'FileSystem' to resource group 'General'
18:36:06: Added resource location '../media/materials/textures' of type 'FileSystem' to resource group 'General'
18:36:06: Added resource location '../media/modelsFileSystem=../media/materials/textures/nvidia' of type 'FileSystem' to resource group 'General'
18:36:09: CPU Identifier & Features
18:36:09: -------------------------
18:36:09:  *   CPU ID: GenuineIntel: Intel(R) Pentium(R) CPU B950 @ 2.10GHz
18:36:09:  *      SSE: yes
18:36:09:  *     SSE2: yes
18:36:09:  *     SSE3: yes
18:36:09:  *      MMX: yes
18:36:09:  *   MMXEXT: yes
18:36:09:  *    3DNOW: no
18:36:09:  * 3DNOWEXT: no
18:36:09:  *     CMOV: yes
18:36:09:  *      TSC: yes
18:36:09:  *      FPU: yes
18:36:09:  *      PRO: yes
18:36:09:  *       HT: no
18:36:09: -------------------------
18:36:09: ******************************
*** Starting GLX Subsystem ***
******************************
18:36:09: Registering ResourceManager for type Texture
18:36:09: GLRenderSystem::_createRenderWindow "TutorialApplication Render Window", 640x480 windowed  miscParams: FSAA=0 displayFrequency=60 Hz gamma=No vsync=No 
18:36:09: GLXWindow::create used FBConfigID = 106
18:36:09: GL_VERSION = 3.0 Mesa 8.0.4
18:36:09: GL_VENDOR = Tungsten Graphics, Inc
18:36:09: GL_RENDERER = Mesa DRI Intel(R) Sandybridge Mobile 
18:36:09: GL_EXTENSIONS = GL_ARB_multisample GL_EXT_abgr GL_EXT_bgra GL_EXT_blend_color GL_EXT_blend_minmax GL_EXT_blend_subtract GL_EXT_copy_texture GL_EXT_polygon_offset GL_EXT_subtexture GL_EXT_texture_object GL_EXT_vertex_array GL_EXT_compiled_vertex_array GL_EXT_texture GL_EXT_texture3D GL_IBM_rasterpos_clip GL_ARB_point_parameters GL_EXT_draw_range_elements GL_EXT_packed_pixels GL_EXT_point_parameters GL_EXT_rescale_normal GL_EXT_separate_specular_color GL_EXT_texture_edge_clamp GL_SGIS_generate_mipmap GL_SGIS_texture_border_clamp GL_SGIS_texture_edge_clamp GL_SGIS_texture_lod GL_ARB_framebuffer_sRGB GL_ARB_multitexture GL_EXT_framebuffer_sRGB GL_IBM_multimode_draw_arrays GL_IBM_texture_mirrored_repeat GL_3DFX_texture_compression_FXT1 GL_ARB_texture_cube_map GL_ARB_texture_env_add GL_ARB_transpose_matrix GL_EXT_blend_func_separate GL_EXT_fog_coord GL_EXT_multi_draw_arrays GL_EXT_secondary_color GL_EXT_texture_env_add GL_EXT_texture_filter_anisotropic GL_EXT_texture_lod_bias GL_INGR_blend_func_separate GL_NV_blend_square GL_NV_light_max_exponent GL_NV_texgen_reflection GL_NV_texture_env_combine4 GL_SUN_multi_draw_arrays GL_ARB_texture_border_clamp GL_ARB_texture_compression GL_EXT_framebuffer_object GL_EXT_texture_env_combine GL_EXT_texture_env_dot3 GL_MESA_window_pos GL_NV_packed_depth_stencil GL_NV_texture_rectangle GL_NV_vertex_program GL_ARB_depth_texture GL_ARB_occlusion_query GL_ARB_shadow GL_ARB_texture_env_combine GL_ARB_texture_env_crossbar GL_ARB_texture_env_dot3 GL_ARB_texture_mirrored_repeat GL_ARB_window_pos GL_ATI_envmap_bumpmap GL_EXT_stencil_two_side GL_EXT_texture_cube_map GL_NV_depth_clamp GL_NV_vertex_program1_1 GL_APPLE_packed_pixels GL_APPLE_vertex_array_object GL_ARB_draw_buffers GL_ARB_fragment_program GL_ARB_fragment_shader GL_ARB_shader_objects GL_ARB_vertex_program GL_ARB_vertex_shader GL_ATI_draw_buffers GL_ATI_texture_env_combine3 GL_ATI_texture_float GL_EXT_shadow_funcs GL_EXT_stencil_wrap GL_MESA_pack_invert GL_MESA_ycbcr_texture GL_ARB_depth_clamp GL_ARB_fragment_program_shadow GL_ARB_half_float_pixel GL_ARB_point_sprite GL_ARB_shading_language_100 GL_ARB_sync GL_ARB_texture_non_power_of_two GL_ARB_vertex_buffer_object GL_ATI_blend_equation_separate GL_EXT_blend_equation_separate GL_OES_read_format GL_ARB_color_buffer_float GL_ARB_pixel_buffer_object GL_ARB_texture_compression_rgtc GL_ARB_texture_float GL_ARB_texture_rectangle GL_EXT_packed_float GL_EXT_pixel_buffer_object GL_EXT_texture_compression_rgtc GL_EXT_texture_rectangle GL_EXT_texture_sRGB GL_EXT_texture_shared_exponent GL_ARB_framebuffer_object GL_EXT_framebuffer_blit GL_EXT_framebuffer_multisample GL_EXT_packed_depth_stencil GL_APPLE_object_purgeable GL_ARB_vertex_array_object GL_ATI_separate_stencil GL_EXT_draw_buffers2 GL_EXT_gpu_program_parameters GL_EXT_texture_array GL_EXT_texture_integer GL_EXT_texture_sRGB_decode GL_EXT_timer_query GL_OES_EGL_image GL_MESA_texture_array GL_ARB_copy_buffer GL_ARB_depth_buffer_float GL_ARB_half_float_vertex GL_ARB_map_buffer_range GL_ARB_texture_rg GL_ARB_texture_swizzle GL_ARB_vertex_array_bgra GL_EXT_separate_shader_objects GL_EXT_texture_swizzle GL_EXT_vertex_array_bgra GL_NV_conditional_render GL_ARB_ES2_compatibility GL_ARB_draw_elements_base_vertex GL_ARB_explicit_attrib_location GL_ARB_fragment_coord_conventions GL_ARB_provoking_vertex GL_ARB_sampler_objects GL_ARB_seamless_cube_map GL_ARB_shader_texture_lod GL_EXT_provoking_vertex GL_EXT_texture_snorm GL_MESA_texture_signed_rgba GL_ARB_robustness GL_EXT_transform_feedback 
18:36:09: Supported GLX extensions: GLX_ARB_get_proc_address GLX_ARB_multisample GLX_EXT_import_context GLX_EXT_visual_info GLX_EXT_visual_rating GLX_MESA_copy_sub_buffer GLX_MESA_multithread_makecurrent GLX_MESA_swap_control GLX_OML_swap_method GLX_OML_sync_control GLX_SGI_make_current_read GLX_SGI_swap_control GLX_SGI_video_sync GLX_SGIS_multisample GLX_SGIX_fbconfig GLX_SGIX_pbuffer GLX_SGIX_visual_select_group GLX_EXT_texture_from_pixmap 
18:36:09: ***************************
18:36:09: *** GL Renderer Started ***
18:36:09: ***************************
18:36:09: Registering ResourceManager for type GpuProgram
18:36:09: GLSL support detected
18:36:09: GL: Using GL_EXT_framebuffer_object for rendering to textures (best)
18:36:09: FBO PF_UNKNOWN depth/stencil support: D0S1 D0S4 D0S8 D0S16 D16S0 D24S0 D24S1 D24S4 D24S8 D24S16 D32S0 D32S1 D32S4 D32S8 D32S16 Packed-D24S8 
18:36:09: FBO PF_A8 depth/stencil support: D0S0 D0S1 D0S4 D0S8 D0S16 D16S0 D24S0 D24S1 D24S4 D24S8 D24S16 D32S0 D32S1 D32S4 D32S8 D32S16 Packed-D24S8 
18:36:09: FBO PF_R5G6B5 depth/stencil support: D0S0 D0S1 D0S4 D0S8 D0S16 D16S0 D24S0 D24S1 D24S4 D24S8 D24S16 D32S0 D32S1 D32S4 D32S8 D32S16 Packed-D24S8 
18:36:09: FBO PF_B5G6R5 depth/stencil support: D0S0 D0S1 D0S4 D0S8 D0S16 D16S0 D24S0 D24S1 D24S4 D24S8 D24S16 D32S0 D32S1 D32S4 D32S8 D32S16 Packed-D24S8 
18:36:09: FBO PF_A4R4G4B4 depth/stencil support: D0S0 D0S1 D0S4 D0S8 D0S16 D16S0 D24S0 D24S1 D24S4 D24S8 D24S16 D32S0 D32S1 D32S4 D32S8 D32S16 Packed-D24S8 
18:36:09: FBO PF_A1R5G5B5 depth/stencil support: D0S0 D0S1 D0S4 D0S8 D0S16 D16S0 D24S0 D24S1 D24S4 D24S8 D24S16 D32S0 D32S1 D32S4 D32S8 D32S16 Packed-D24S8 
18:36:09: FBO PF_R8G8B8 depth/stencil support: D0S0 D0S1 D0S4 D0S8 D0S16 D16S0 D24S0 D24S1 D24S4 D24S8 D24S16 D32S0 D32S1 D32S4 D32S8 D32S16 Packed-D24S8 
18:36:09: FBO PF_B8G8R8 depth/stencil support: D0S0 D0S1 D0S4 D0S8 D0S16 D16S0 D24S0 D24S1 D24S4 D24S8 D24S16 D32S0 D32S1 D32S4 D32S8 D32S16 Packed-D24S8 
18:36:09: FBO PF_A8R8G8B8 depth/stencil support: D0S0 D0S1 D0S4 D0S8 D0S16 D16S0 D24S0 D24S1 D24S4 D24S8 D24S16 D32S0 D32S1 D32S4 D32S8 D32S16 Packed-D24S8 
18:36:09: FBO PF_B8G8R8A8 depth/stencil support: D0S0 D0S1 D0S4 D0S8 D0S16 D16S0 D24S0 D24S1 D24S4 D24S8 D24S16 D32S0 D32S1 D32S4 D32S8 D32S16 Packed-D24S8 
18:36:09: FBO PF_A2R10G10B10 depth/stencil support: D0S0 D0S1 D0S4 D0S8 D0S16 D16S0 D24S0 D24S1 D24S4 D24S8 D24S16 D32S0 D32S1 D32S4 D32S8 D32S16 Packed-D24S8 
18:36:09: FBO PF_A2B10G10R10 depth/stencil support: D0S0 D0S1 D0S4 D0S8 D0S16 D16S0 D24S0 D24S1 D24S4 D24S8 D24S16 D32S0 D32S1 D32S4 D32S8 D32S16 Packed-D24S8 
18:36:09: FBO PF_FLOAT16_RGB depth/stencil support: D0S0 D0S1 D0S4 D0S8 D0S16 D16S0 D24S0 D24S1 D24S4 D24S8 D24S16 D32S0 D32S1 D32S4 D32S8 D32S16 Packed-D24S8 
18:36:09: FBO PF_FLOAT16_RGBA depth/stencil support: D0S0 D0S1 D0S4 D0S8 D0S16 D16S0 D24S0 D24S1 D24S4 D24S8 D24S16 D32S0 D32S1 D32S4 D32S8 D32S16 Packed-D24S8 
18:36:09: FBO PF_FLOAT32_RGB depth/stencil support: D0S0 D0S1 D0S4 D0S8 D0S16 D16S0 D24S0 D24S1 D24S4 D24S8 D24S16 D32S0 D32S1 D32S4 D32S8 D32S16 Packed-D24S8 
18:36:09: FBO PF_FLOAT32_RGBA depth/stencil support: D0S0 D0S1 D0S4 D0S8 D0S16 D16S0 D24S0 D24S1 D24S4 D24S8 D24S16 D32S0 D32S1 D32S4 D32S8 D32S16 Packed-D24S8 
18:36:09: FBO PF_X8R8G8B8 depth/stencil support: D0S0 D0S1 D0S4 D0S8 D0S16 D16S0 D24S0 D24S1 D24S4 D24S8 D24S16 D32S0 D32S1 D32S4 D32S8 D32S16 Packed-D24S8 
18:36:09: FBO PF_X8B8G8R8 depth/stencil support: D0S0 D0S1 D0S4 D0S8 D0S16 D16S0 D24S0 D24S1 D24S4 D24S8 D24S16 D32S0 D32S1 D32S4 D32S8 D32S16 Packed-D24S8 
18:36:09: FBO PF_SHORT_RGBA depth/stencil support: D0S0 D0S1 D0S4 D0S8 D0S16 D16S0 D24S0 D24S1 D24S4 D24S8 D24S16 D32S0 D32S1 D32S4 D32S8 D32S16 Packed-D24S8 
18:36:09: FBO PF_R3G3B2 depth/stencil support: D0S0 D0S1 D0S4 D0S8 D0S16 D16S0 D24S0 D24S1 D24S4 D24S8 D24S16 D32S0 D32S1 D32S4 D32S8 D32S16 Packed-D24S8 
18:36:09: FBO PF_FLOAT16_R depth/stencil support: D0S0 D0S1 D0S4 D0S8 D0S16 D16S0 D24S0 D24S1 D24S4 D24S8 D24S16 D32S0 D32S1 D32S4 D32S8 D32S16 Packed-D24S8 
18:36:09: FBO PF_FLOAT32_R depth/stencil support: D0S0 D0S1 D0S4 D0S8 D0S16 D16S0 D24S0 D24S1 D24S4 D24S8 D24S16 D32S0 D32S1 D32S4 D32S8 D32S16 Packed-D24S8 
18:36:09: FBO PF_SHORT_RGB depth/stencil support: D0S0 D0S1 D0S4 D0S8 D0S16 D16S0 D24S0 D24S1 D24S4 D24S8 D24S16 D32S0 D32S1 D32S4 D32S8 D32S16 Packed-D24S8 
18:36:09: [GL] : Valid FBO targets PF_UNKNOWN PF_A8 PF_R5G6B5 PF_B5G6R5 PF_A4R4G4B4 PF_A1R5G5B5 PF_R8G8B8 PF_B8G8R8 PF_A8R8G8B8 PF_B8G8R8A8 PF_A2R10G10B10 PF_A2B10G10R10 PF_FLOAT16_RGB PF_FLOAT16_RGBA PF_FLOAT32_RGB PF_FLOAT32_RGBA PF_X8R8G8B8 PF_X8B8G8R8 PF_SHORT_RGBA PF_R3G3B2 PF_FLOAT16_R PF_FLOAT32_R PF_SHORT_RGB 
18:36:09: RenderSystem capabilities
18:36:09: -------------------------
18:36:09: RenderSystem Name: OpenGL Rendering Subsystem
18:36:09: GPU Vendor: unknown
18:36:09: Device Name: Mesa DRI Intel(R) Sandybridge Mobile 
18:36:09: Driver Version: 3.0.0.0
18:36:09:  * Fixed function pipeline: yes
18:36:09:  * Hardware generation of mipmaps: yes
18:36:09:  * Texture blending: yes
18:36:09:  * Anisotropic texture filtering: yes
18:36:09:  * Dot product texture operation: yes
18:36:09:  * Cube mapping: yes
18:36:09:  * Hardware stencil buffer: yes
18:36:09:    - Stencil depth: 8
18:36:09:    - Two sided stencil support: yes
18:36:09:    - Wrap stencil values: yes
18:36:09:  * Hardware vertex / index buffers: yes
18:36:09:  * Vertex programs: yes
18:36:09:  * Number of floating-point constants for vertex programs: 4096
18:36:09:  * Number of integer constants for vertex programs: 0
18:36:09:  * Number of boolean constants for vertex programs: 0
18:36:09:  * Fragment programs: yes
18:36:09:  * Number of floating-point constants for fragment programs: 4096
18:36:09:  * Number of integer constants for fragment programs: 0
18:36:09:  * Number of boolean constants for fragment programs: 0
18:36:09:  * Geometry programs: no
18:36:09:  * Number of floating-point constants for geometry programs: 0
18:36:09:  * Number of integer constants for geometry programs: 0
18:36:09:  * Number of boolean constants for geometry programs: 0
18:36:09:  * Supported Shader Profiles: arbfp1 arbvp1 glsl
18:36:09:  * Texture Compression: yes
18:36:09:    - DXT: no
18:36:09:    - VTC: no
18:36:09:    - PVRTC: no
18:36:09:  * Scissor Rectangle: yes
18:36:09:  * Hardware Occlusion Query: yes
18:36:09:  * User clip planes: yes
18:36:09:  * VET_UBYTE4 vertex element type: yes
18:36:09:  * Infinite far plane projection: yes
18:36:09:  * Hardware render-to-texture: yes
18:36:09:  * Floating point textures: yes
18:36:09:  * Non-power-of-two textures: yes
18:36:09:  * Volume textures: yes
18:36:09:  * Multiple Render Targets: 8
18:36:09:    - With different bit depths: yes
18:36:09:  * Point Sprites: yes
18:36:09:  * Extended point parameters: yes
18:36:09:  * Max Point Size: 255
18:36:09:  * Vertex texture fetch: yes
18:36:09:  * Number of world matrices: 0
18:36:09:  * Number of texture units: 16
18:36:09:  * Stencil buffer depth: 8
18:36:09:  * Number of vertex blend matrices: 0
18:36:09:    - Max vertex textures: 16
18:36:09:    - Vertex textures shared: yes
18:36:09:  * Render to Vertex Buffer : no
18:36:09:  * GL 1.5 without VBO workaround: no
18:36:09:  * Frame Buffer objects: yes
18:36:09:  * Frame Buffer objects (ARB extension): no
18:36:09:  * Frame Buffer objects (ATI extension): no
18:36:09:  * PBuffer support: yes
18:36:09:  * GL 1.5 without HW-occlusion workaround: no
18:36:09:  * Separate shader objects: no
18:36:09: DefaultWorkQueue('Root') initialising on thread 0x964b30.
18:36:09: DefaultWorkQueue('Root')::WorkerFunc - thread 0x9bdc40 starting.
18:36:09: Particle Renderer Type 'billboard' registered
18:36:09: SceneManagerFactory for type 'BspSceneManager' registered.
18:36:09: Registering ResourceManager for type BspLevel
18:36:09: DefaultWorkQueue('Root')::WorkerFunc - thread 0xbcd750 starting.
18:36:09: SceneManagerFactory for type 'PCZSceneManager' registered.
18:36:09: MovableObjectFactory for type 'PCZLight' registered.
18:36:09: MovableObjectFactory for type 'Portal' registered.
18:36:09: MovableObjectFactory for type 'AntiPortal' registered.
18:36:09: PCZone Factory Type 'ZoneType_Octree' registered
18:36:09: SceneManagerFactory for type 'OctreeSceneManager' registered.
18:36:09: Parsing scripts for resource group Autodetect
18:36:09: Finished parsing scripts for resource group Autodetect
18:36:09: Creating resources for group Autodetect
18:36:09: All done
18:36:09: Parsing scripts for resource group Essential
18:36:09: Parsing script SdkTrays.material
18:36:09: Parsing script SdkTrays.fontdef
18:36:09: Parsing script SdkTrays.overlay
18:36:09: Bad element attribute line: '# you can offset the image to change the cursor "hotspot"' for element SdkTrays/Cursor in overlay 
18:36:09: Texture: sdk_cursor.png: Loading 1 faces(PF_A8R8G8B8,32x32x1) with 5 hardware generated mipmaps from Image. Internal format is PF_A8R8G8B8,32x32x1.
18:36:09: Texture: sdk_tray.png: Loading 1 faces(PF_A8R8G8B8,64x64x1) with 5 hardware generated mipmaps from Image. Internal format is PF_A8R8G8B8,64x64x1.
18:36:09: Texture: sdk_button_up.png: Loading 1 faces(PF_A8R8G8B8,128x32x1) with 5 hardware generated mipmaps from Image. Internal format is PF_A8R8G8B8,128x32x1.
18:36:09: Texture: sdk_text_box.png: Loading 1 faces(PF_A8R8G8B8,32x32x1) with 5 hardware generated mipmaps from Image. Internal format is PF_A8R8G8B8,32x32x1.
18:36:09: Texture: sdk_mini_tray.png: Loading 1 faces(PF_A8R8G8B8,32x32x1) with 5 hardware generated mipmaps from Image. Internal format is PF_A8R8G8B8,32x32x1.
18:36:09: Texture: sdk_track.png: Loading 1 faces(PF_A8R8G8B8,16x32x1) with 5 hardware generated mipmaps from Image. Internal format is PF_A8R8G8B8,16x32x1.
18:36:09: Texture: sdk_handle.png: Loading 1 faces(PF_A8R8G8B8,16x16x1) with 4 hardware generated mipmaps from Image. Internal format is PF_A8R8G8B8,16x16x1.
18:36:09: Texture: sdk_mini_text_box.png: Loading 1 faces(PF_A8R8G8B8,32x32x1) with 5 hardware generated mipmaps from Image. Internal format is PF_A8R8G8B8,32x32x1.
18:36:09: Texture: sdk_label.png: Loading 1 faces(PF_A8R8G8B8,32x32x1) with 5 hardware generated mipmaps from Image. Internal format is PF_A8R8G8B8,32x32x1.
18:36:09: Texture: sdk_separator.png: Loading 1 faces(PF_A8R8G8B8,64x16x1) with 5 hardware generated mipmaps from Image. Internal format is PF_A8R8G8B8,64x16x1.
18:36:09: Texture: sdk_logo.png: Loading 1 faces(PF_A8R8G8B8,128x64x1) with 5 hardware generated mipmaps from Image. Internal format is PF_A8R8G8B8,128x64x1.
18:36:09: Texture: sdk_shade.png: Loading 1 faces(PF_A8R8G8B8,64x48x1) with 5 hardware generated mipmaps from Image. Internal format is PF_A8R8G8B8,64x48x1.
18:36:09: Texture: sdk_frame.png: Loading 1 faces(PF_A8R8G8B8,32x32x1) with 5 hardware generated mipmaps from Image. Internal format is PF_A8R8G8B8,32x32x1.
18:36:09: Texture: sdk_mini_text_box_over.png: Loading 1 faces(PF_A8R8G8B8,32x32x1) with 5 hardware generated mipmaps from Image. Internal format is PF_A8R8G8B8,32x32x1.
18:36:09: Texture: sdk_pulse.png: Loading 1 faces(PF_R8G8B8,8x1x1) with 3 hardware generated mipmaps from Image. Internal format is PF_X8R8G8B8,8x1x1.
18:36:09: Finished parsing scripts for resource group Essential
18:36:09: Creating resources for group Essential
18:36:09: All done
18:36:09: Parsing scripts for resource group General
18:36:09: Parsing script Ogre.material
18:36:09: Finished parsing scripts for resource group General
18:36:09: Creating resources for group General
18:36:09: All done
18:36:09: Parsing scripts for resource group Internal
18:36:09: Finished parsing scripts for resource group Internal
18:36:09: Creating resources for group Internal
18:36:09: All done
18:36:09: Terrain created; size=513 minBatch=33 maxBatch=65 treeDepth=4 lodLevels=5 leafLods=2
